[debug] [2021-04-23T14:09:13.660Z] ----------------------------------------------------------------------
[debug] [2021-04-23T14:09:13.666Z] Command:       /home/punit/.nvm/versions/node/v14.15.4/bin/node /home/punit/.nvm/versions/node/v14.15.4/bin/firebase deploy
[debug] [2021-04-23T14:09:13.667Z] CLI Version:   9.9.0
[debug] [2021-04-23T14:09:13.668Z] Platform:      linux
[debug] [2021-04-23T14:09:13.668Z] Node Version:  v14.15.4
[debug] [2021-04-23T14:09:13.669Z] Time:          Fri Apr 23 2021 19:39:13 GMT+0530 (India Standard Time)
[debug] [2021-04-23T14:09:13.670Z] ----------------------------------------------------------------------
[debug] 
[debug] [2021-04-23T14:09:13.716Z] > command requires scopes: ["email","openid","https://www.googleapis.com/auth/cloudplatformprojects.readonly","https://www.googleapis.com/auth/firebase","https://www.googleapis.com/auth/cloud-platform"]
[debug] [2021-04-23T14:09:13.717Z] > authorizing via signed-in user (batrapunit1999@gmail.com)
[debug] [2021-04-23T14:09:13.718Z] [iam] checking project photo-gallery-2193d for permissions ["firebase.projects.get","firebasehosting.sites.update"]
[debug] [2021-04-23T14:09:13.724Z] > refreshing access token with scopes: ["email","https://www.googleapis.com/auth/cloud-platform","https://www.googleapis.com/auth/cloudplatformprojects.readonly","https://www.googleapis.com/auth/firebase","openid"]
[debug] [2021-04-23T14:09:13.725Z] >>> HTTP REQUEST POST https://www.googleapis.com/oauth2/v3/token  
 <request body omitted>
[debug] [2021-04-23T14:09:14.045Z] <<< HTTP RESPONSE 200 {"cache-control":"no-cache, no-store, max-age=0, must-revalidate","expires":"Mon, 01 Jan 1990 00:00:00 GMT","date":"Fri, 23 Apr 2021 14:09:13 GMT","pragma":"no-cache","content-type":"application/json; charset=utf-8","vary":"X-Origin, Referer, Origin,Accept-Encoding","server":"scaffolding on HTTPServer2","x-xss-protection":"0","x-frame-options":"SAMEORIGIN","x-content-type-options":"nosniff","alt-svc":"h3-29=\":443\"; ma=2592000,h3-T051=\":443\"; ma=2592000,h3-Q050=\":443\"; ma=2592000,h3-Q046=\":443\"; ma=2592000,h3-Q043=\":443\"; ma=2592000,quic=\":443\"; ma=2592000; v=\"46,43\"","accept-ranges":"none","transfer-encoding":"chunked"}
[debug] [2021-04-23T14:09:14.318Z] >>> HTTP REQUEST POST https://cloudresourcemanager.googleapis.com/v1/projects/photo-gallery-2193d:testIamPermissions  
 {"permissions":["firebase.projects.get","firebasehosting.sites.update"]}
[debug] [2021-04-23T14:09:15.936Z] <<< HTTP RESPONSE 200 {"content-type":"application/json; charset=UTF-8","vary":"X-Origin, Referer, Origin,Accept-Encoding","date":"Fri, 23 Apr 2021 14:09:15 GMT","server":"ESF","cache-control":"private","x-xss-protection":"0","x-frame-options":"SAMEORIGIN","x-content-type-options":"nosniff","server-timing":"gfet4t7; dur=1361","alt-svc":"h3-29=\":443\"; ma=2592000,h3-T051=\":443\"; ma=2592000,h3-Q050=\":443\"; ma=2592000,h3-Q046=\":443\"; ma=2592000,h3-Q043=\":443\"; ma=2592000,quic=\":443\"; ma=2592000; v=\"46,43\"","accept-ranges":"none","transfer-encoding":"chunked"}
[debug] [2021-04-23T14:09:15.942Z] > refreshing access token with scopes: []
[debug] [2021-04-23T14:09:15.943Z] >>> HTTP REQUEST POST https://www.googleapis.com/oauth2/v3/token  
 <request body omitted>
[debug] [2021-04-23T14:09:16.179Z] <<< HTTP RESPONSE 200 {"pragma":"no-cache","date":"Fri, 23 Apr 2021 14:09:16 GMT","expires":"Mon, 01 Jan 1990 00:00:00 GMT","cache-control":"no-cache, no-store, max-age=0, must-revalidate","content-type":"application/json; charset=utf-8","vary":"X-Origin, Referer, Origin,Accept-Encoding","server":"scaffolding on HTTPServer2","x-xss-protection":"0","x-frame-options":"SAMEORIGIN","x-content-type-options":"nosniff","alt-svc":"h3-29=\":443\"; ma=2592000,h3-T051=\":443\"; ma=2592000,h3-Q050=\":443\"; ma=2592000,h3-Q046=\":443\"; ma=2592000,h3-Q043=\":443\"; ma=2592000,quic=\":443\"; ma=2592000; v=\"46,43\"","accept-ranges":"none","transfer-encoding":"chunked"}
[debug] [2021-04-23T14:09:17.150Z] >>> [apiv2][query] GET https://firebase.googleapis.com/v1beta1/projects/photo-gallery-2193d [none]
[debug] [2021-04-23T14:09:17.736Z] <<< [apiv2][status] GET https://firebase.googleapis.com/v1beta1/projects/photo-gallery-2193d 200
[debug] [2021-04-23T14:09:17.737Z] <<< [apiv2][body] GET https://firebase.googleapis.com/v1beta1/projects/photo-gallery-2193d {"projectId":"photo-gallery-2193d","projectNumber":"190988179183","displayName":"photo-gallery","name":"projects/photo-gallery-2193d","resources":{"hostingSite":"photo-gallery-2193d","realtimeDatabaseInstance":"photo-gallery-2193d-default-rtdb","storageBucket":"photo-gallery-2193d.appspot.com","locationId":"us-central"},"state":"ACTIVE"}
[info] 
[info] === Deploying to 'photo-gallery-2193d'...
[info] 
[info] i  deploying hosting 
[debug] [2021-04-23T14:09:17.748Z] > refreshing access token with scopes: ["email","https://www.googleapis.com/auth/cloud-platform","https://www.googleapis.com/auth/cloudplatformprojects.readonly","https://www.googleapis.com/auth/firebase","openid"]
[debug] [2021-04-23T14:09:17.748Z] >>> HTTP REQUEST POST https://www.googleapis.com/oauth2/v3/token  
 <request body omitted>
[debug] [2021-04-23T14:09:18.153Z] <<< HTTP RESPONSE 200 {"expires":"Mon, 01 Jan 1990 00:00:00 GMT","pragma":"no-cache","cache-control":"no-cache, no-store, max-age=0, must-revalidate","date":"Fri, 23 Apr 2021 14:09:18 GMT","content-type":"application/json; charset=utf-8","vary":"X-Origin, Referer, Origin,Accept-Encoding","server":"scaffolding on HTTPServer2","x-xss-protection":"0","x-frame-options":"SAMEORIGIN","x-content-type-options":"nosniff","alt-svc":"h3-29=\":443\"; ma=2592000,h3-T051=\":443\"; ma=2592000,h3-Q050=\":443\"; ma=2592000,h3-Q046=\":443\"; ma=2592000,h3-Q043=\":443\"; ma=2592000,quic=\":443\"; ma=2592000; v=\"46,43\"","accept-ranges":"none","transfer-encoding":"chunked"}
[debug] [2021-04-23T14:09:18.230Z] >>> HTTP REQUEST POST https://firebasehosting.googleapis.com/v1beta1/sites/photo-gallery-2193d/versions  
 {"config":{},"labels":{"deployment-tool":"cli-firebase"}}
[debug] [2021-04-23T14:09:19.316Z] <<< HTTP RESPONSE 200 {"content-type":"application/json; charset=UTF-8","vary":"X-Origin, Referer, Origin,Accept-Encoding","date":"Fri, 23 Apr 2021 14:09:19 GMT","server":"ESF","cache-control":"private","x-xss-protection":"0","x-frame-options":"SAMEORIGIN","x-content-type-options":"nosniff","alt-svc":"h3-29=\":443\"; ma=2592000,h3-T051=\":443\"; ma=2592000,h3-Q050=\":443\"; ma=2592000,h3-Q046=\":443\"; ma=2592000,h3-Q043=\":443\"; ma=2592000,quic=\":443\"; ma=2592000; v=\"46,43\"","accept-ranges":"none","transfer-encoding":"chunked"}
[info] i  hosting[photo-gallery-2193d]: beginning deploy... 
[info] i  hosting[photo-gallery-2193d]: found 19 files in build 
[debug] [2021-04-23T14:09:20.089Z] > refreshing access token with scopes: []
[debug] [2021-04-23T14:09:20.090Z] >>> HTTP REQUEST POST https://www.googleapis.com/oauth2/v3/token  
 <request body omitted>
[debug] [2021-04-23T14:09:20.091Z] [hosting] hash cache [YnVpbGQ] stored for 19 files
[debug] [2021-04-23T14:09:20.092Z] [hosting][hash queue][FINAL] {"max":744,"min":27,"avg":71.26315789473684,"active":0,"complete":19,"success":19,"errored":0,"retried":0,"total":19,"elapsed":759}
[debug] [2021-04-23T14:09:20.347Z] <<< HTTP RESPONSE 200 {"cache-control":"no-cache, no-store, max-age=0, must-revalidate","expires":"Mon, 01 Jan 1990 00:00:00 GMT","pragma":"no-cache","date":"Fri, 23 Apr 2021 14:09:20 GMT","content-type":"application/json; charset=utf-8","vary":"X-Origin, Referer, Origin,Accept-Encoding","server":"scaffolding on HTTPServer2","x-xss-protection":"0","x-frame-options":"SAMEORIGIN","x-content-type-options":"nosniff","alt-svc":"h3-29=\":443\"; ma=2592000,h3-T051=\":443\"; ma=2592000,h3-Q050=\":443\"; ma=2592000,h3-Q046=\":443\"; ma=2592000,h3-Q043=\":443\"; ma=2592000,quic=\":443\"; ma=2592000; v=\"46,43\"","accept-ranges":"none","transfer-encoding":"chunked"}
[debug] [2021-04-23T14:09:20.434Z] >>> [apiv2][query] POST https://firebasehosting.googleapis.com/v1beta1/sites/photo-gallery-2193d/versions/db5e8c2445262341:populateFiles [none]
[debug] [2021-04-23T14:09:20.434Z] >>> [apiv2][body] POST https://firebasehosting.googleapis.com/v1beta1/sites/photo-gallery-2193d/versions/db5e8c2445262341:populateFiles {"files":{"/404.html":"b7bab6b83fa074653ff28c8d2a64135d3434575f70a12ab3d3ba8080461b9537","/asset-manifest.json":"a26bc37eeba5a86add33ee707189872de86d2544af2a3e38e1cd2231a18523dc","/favicon.ico":"12c77055696278694a8feb77a9421dd85f8af25a81d812822be112e4be628fcf","/index.html":"d23e6f83ec6f03afd5dbc7eb20101562f26870c9adcb783ca102285ae4aa93dc","/logo192.png":"76c449ccb9cd117c2f2338f091b18f7050f3210e249b2228f5c81b23f34377cd","/logo512.png":"7779210d56c1f3741e2e487799fe3092def4fa6ac450a60532b807c3a8971205","/manifest.json":"0958a5e0c831126100c8c2d06a6bbaa665a3900f21aaff4130238a6f5a113aa1","/precache-manifest.5f2c933fe9e4a76ff5da064ceb83450c.js":"cbb8aefc1b47cb402d9864e7c5616ede3ad043dafa524b964662ce1493effe1a","/robots.txt":"2544ca049f223a42bff01f72ad930a5edba75bbb7199d0f8430a02ff5aca16ec","/service-worker.js":"daf2bf0fc517043c3b1dc61bfb96ae2fd896d6c0cc3a6a599151ef78ef44a18d","/static/css/main.afd87961.chunk.css":"5fd6d7b51e375f33208116a23fc6ae45a340b1fc0156396e3676b1bf41187c5e","/static/css/main.afd87961.chunk.css.map":"7ae0e4b41b94d6be39623b657b3fea7bf39a3d274903b988dc9d903818741e5d","/static/js/2.23c43a64.chunk.js.LICENSE.txt":"64a3534c2883671d4110b650636743464dcba129d1cdddd81e97b98b9621a0db","/static/js/main.5764e97c.chunk.js":"48b86d563b2d8812fb3f16fcabb3a29124b80626186f03868a2e80bbc03f573a","/static/js/main.5764e97c.chunk.js.map":"4606abe934ed4b82e635cee60d6aafa5f20a59bc4a72731f1e7a0a25be30bab7","/static/js/runtime-main.e4912f7f.js":"acb160309bbdd2edaa7be54f96e9ce2cfdf6528757e7d49e766dd312b59f106e","/static/js/runtime-main.e4912f7f.js.map":"01c4d13f6080434f2115d0e063a0bd44799fa8d352da1f373e84bd0647895744","/static/js/2.23c43a64.chunk.js":"ba8a4ed4c3dd499a1084c71b80a2fddfa1c86f4527e6491b6588926129cadc75","/static/js/2.23c43a64.chunk.js.map":"9908a2f02a9e145516409a39794a269f64bf723ae76b8d192b331803a5b18cf9"}}
[debug] [2021-04-23T14:09:22.377Z] <<< [apiv2][status] POST https://firebasehosting.googleapis.com/v1beta1/sites/photo-gallery-2193d/versions/db5e8c2445262341:populateFiles 200
[debug] [2021-04-23T14:09:22.377Z] <<< [apiv2][body] POST https://firebasehosting.googleapis.com/v1beta1/sites/photo-gallery-2193d/versions/db5e8c2445262341:populateFiles {"uploadRequiredHashes":["a26bc37eeba5a86add33ee707189872de86d2544af2a3e38e1cd2231a18523dc","64a3534c2883671d4110b650636743464dcba129d1cdddd81e97b98b9621a0db","cbb8aefc1b47cb402d9864e7c5616ede3ad043dafa524b964662ce1493effe1a","4606abe934ed4b82e635cee60d6aafa5f20a59bc4a72731f1e7a0a25be30bab7","48b86d563b2d8812fb3f16fcabb3a29124b80626186f03868a2e80bbc03f573a","9908a2f02a9e145516409a39794a269f64bf723ae76b8d192b331803a5b18cf9","daf2bf0fc517043c3b1dc61bfb96ae2fd896d6c0cc3a6a599151ef78ef44a18d","d23e6f83ec6f03afd5dbc7eb20101562f26870c9adcb783ca102285ae4aa93dc","ba8a4ed4c3dd499a1084c71b80a2fddfa1c86f4527e6491b6588926129cadc75"],"uploadUrl":"https://upload-firebasehosting.googleapis.com/upload/sites/photo-gallery-2193d/versions/db5e8c2445262341/files"}
[debug] [2021-04-23T14:09:22.386Z] >>> [apiv2][query] POST https://upload-firebasehosting.googleapis.com/upload/sites/photo-gallery-2193d/versions/db5e8c2445262341/files/a26bc37eeba5a86add33ee707189872de86d2544af2a3e38e1cd2231a18523dc [none]
[debug] [2021-04-23T14:09:22.386Z] >>> [apiv2][body] POST https://upload-firebasehosting.googleapis.com/upload/sites/photo-gallery-2193d/versions/db5e8c2445262341/files/a26bc37eeba5a86add33ee707189872de86d2544af2a3e38e1cd2231a18523dc [stream]
[debug] [2021-04-23T14:09:22.390Z] >>> [apiv2][query] POST https://upload-firebasehosting.googleapis.com/upload/sites/photo-gallery-2193d/versions/db5e8c2445262341/files/64a3534c2883671d4110b650636743464dcba129d1cdddd81e97b98b9621a0db [none]
[debug] [2021-04-23T14:09:22.391Z] >>> [apiv2][body] POST https://upload-firebasehosting.googleapis.com/upload/sites/photo-gallery-2193d/versions/db5e8c2445262341/files/64a3534c2883671d4110b650636743464dcba129d1cdddd81e97b98b9621a0db [stream]
[debug] [2021-04-23T14:09:22.393Z] >>> [apiv2][query] POST https://upload-firebasehosting.googleapis.com/upload/sites/photo-gallery-2193d/versions/db5e8c2445262341/files/cbb8aefc1b47cb402d9864e7c5616ede3ad043dafa524b964662ce1493effe1a [none]
[debug] [2021-04-23T14:09:22.393Z] >>> [apiv2][body] POST https://upload-firebasehosting.googleapis.com/upload/sites/photo-gallery-2193d/versions/db5e8c2445262341/files/cbb8aefc1b47cb402d9864e7c5616ede3ad043dafa524b964662ce1493effe1a [stream]
[debug] [2021-04-23T14:09:22.395Z] >>> [apiv2][query] POST https://upload-firebasehosting.googleapis.com/upload/sites/photo-gallery-2193d/versions/db5e8c2445262341/files/4606abe934ed4b82e635cee60d6aafa5f20a59bc4a72731f1e7a0a25be30bab7 [none]
[debug] [2021-04-23T14:09:22.395Z] >>> [apiv2][body] POST https://upload-firebasehosting.googleapis.com/upload/sites/photo-gallery-2193d/versions/db5e8c2445262341/files/4606abe934ed4b82e635cee60d6aafa5f20a59bc4a72731f1e7a0a25be30bab7 [stream]
[debug] [2021-04-23T14:09:22.397Z] >>> [apiv2][query] POST https://upload-firebasehosting.googleapis.com/upload/sites/photo-gallery-2193d/versions/db5e8c2445262341/files/48b86d563b2d8812fb3f16fcabb3a29124b80626186f03868a2e80bbc03f573a [none]
[debug] [2021-04-23T14:09:22.397Z] >>> [apiv2][body] POST https://upload-firebasehosting.googleapis.com/upload/sites/photo-gallery-2193d/versions/db5e8c2445262341/files/48b86d563b2d8812fb3f16fcabb3a29124b80626186f03868a2e80bbc03f573a [stream]
[debug] [2021-04-23T14:09:22.399Z] >>> [apiv2][query] POST https://upload-firebasehosting.googleapis.com/upload/sites/photo-gallery-2193d/versions/db5e8c2445262341/files/9908a2f02a9e145516409a39794a269f64bf723ae76b8d192b331803a5b18cf9 [none]
[debug] [2021-04-23T14:09:22.399Z] >>> [apiv2][body] POST https://upload-firebasehosting.googleapis.com/upload/sites/photo-gallery-2193d/versions/db5e8c2445262341/files/9908a2f02a9e145516409a39794a269f64bf723ae76b8d192b331803a5b18cf9 [stream]
[debug] [2021-04-23T14:09:22.401Z] >>> [apiv2][query] POST https://upload-firebasehosting.googleapis.com/upload/sites/photo-gallery-2193d/versions/db5e8c2445262341/files/daf2bf0fc517043c3b1dc61bfb96ae2fd896d6c0cc3a6a599151ef78ef44a18d [none]
[debug] [2021-04-23T14:09:22.401Z] >>> [apiv2][body] POST https://upload-firebasehosting.googleapis.com/upload/sites/photo-gallery-2193d/versions/db5e8c2445262341/files/daf2bf0fc517043c3b1dc61bfb96ae2fd896d6c0cc3a6a599151ef78ef44a18d [stream]
[debug] [2021-04-23T14:09:22.402Z] >>> [apiv2][query] POST https://upload-firebasehosting.googleapis.com/upload/sites/photo-gallery-2193d/versions/db5e8c2445262341/files/d23e6f83ec6f03afd5dbc7eb20101562f26870c9adcb783ca102285ae4aa93dc [none]
[debug] [2021-04-23T14:09:22.402Z] >>> [apiv2][body] POST https://upload-firebasehosting.googleapis.com/upload/sites/photo-gallery-2193d/versions/db5e8c2445262341/files/d23e6f83ec6f03afd5dbc7eb20101562f26870c9adcb783ca102285ae4aa93dc [stream]
[debug] [2021-04-23T14:09:22.407Z] >>> [apiv2][query] POST https://upload-firebasehosting.googleapis.com/upload/sites/photo-gallery-2193d/versions/db5e8c2445262341/files/ba8a4ed4c3dd499a1084c71b80a2fddfa1c86f4527e6491b6588926129cadc75 [none]
[debug] [2021-04-23T14:09:22.407Z] >>> [apiv2][body] POST https://upload-firebasehosting.googleapis.com/upload/sites/photo-gallery-2193d/versions/db5e8c2445262341/files/ba8a4ed4c3dd499a1084c71b80a2fddfa1c86f4527e6491b6588926129cadc75 [stream]
[debug] [2021-04-23T14:09:22.408Z] [hosting][populate queue][FINAL] {"max":2296,"min":2296,"avg":2296,"active":0,"complete":1,"success":1,"errored":0,"retried":0,"total":1,"elapsed":2319}
[debug] [2021-04-23T14:09:22.409Z] [hosting] uploads queued: 9
